Determining if the pthread_create exist failed with the following output:
Change Dir: /home/sleek_eagle/research/ros/ball_bot/build/CMakeFiles/CMakeTmp

Run Build Command:"/usr/bin/make" "cmTC_5ad5a/fast"
/usr/bin/make -f CMakeFiles/cmTC_5ad5a.dir/build.make CMakeFiles/cmTC_5ad5a.dir/build
make[1]: Entering directory '/home/sleek_eagle/research/ros/ball_bot/build/CMakeFiles/CMakeTmp'
Building C object CMakeFiles/cmTC_5ad5a.dir/CheckSymbolExists.c.o
/usr/bin/cc     -o CMakeFiles/cmTC_5ad5a.dir/CheckSymbolExists.c.o   -c /home/sleek_eagle/research/ros/ball_bot/build/CMakeFiles/CMakeTmp/CheckSymbolExists.c
Linking C executable cmTC_5ad5a
/usr/bin/cmake -E cmake_link_script CMakeFiles/cmTC_5ad5a.dir/link.txt --verbose=1
/usr/bin/cc       CMakeFiles/cmTC_5ad5a.dir/CheckSymbolExists.c.o  -o cmTC_5ad5a -rdynamic 
CMakeFiles/cmTC_5ad5a.dir/CheckSymbolExists.c.o: In function `main':
CheckSymbolExists.c:(.text+0x16): undefined reference to `pthread_create'
collect2: error: ld returned 1 exit status
CMakeFiles/cmTC_5ad5a.dir/build.make:97: recipe for target 'cmTC_5ad5a' failed
make[1]: *** [cmTC_5ad5a] Error 1
make[1]: Leaving directory '/home/sleek_eagle/research/ros/ball_bot/build/CMakeFiles/CMakeTmp'
Makefile:126: recipe for target 'cmTC_5ad5a/fast' failed
make: *** [cmTC_5ad5a/fast] Error 2

File /home/sleek_eagle/research/ros/ball_bot/build/CMakeFiles/CMakeTmp/CheckSymbolExists.c:
/* */
#include <pthread.h>

int main(int argc, char** argv)
{
  (void)argv;
#ifndef pthread_create
  return ((int*)(&pthread_create))[argc];
#else
  (void)argc;
  return 0;
#endif
}

Determining if the function pthread_create exists in the pthreads failed with the following output:
Change Dir: /home/sleek_eagle/research/ros/ball_bot/build/CMakeFiles/CMakeTmp

Run Build Command:"/usr/bin/make" "cmTC_ca151/fast"
/usr/bin/make -f CMakeFiles/cmTC_ca151.dir/build.make CMakeFiles/cmTC_ca151.dir/build
make[1]: Entering directory '/home/sleek_eagle/research/ros/ball_bot/build/CMakeFiles/CMakeTmp'
Building C object CMakeFiles/cmTC_ca151.dir/CheckFunctionExists.c.o
/usr/bin/cc    -DCHECK_FUNCTION_EXISTS=pthread_create   -o CMakeFiles/cmTC_ca151.dir/CheckFunctionExists.c.o   -c /usr/share/cmake-3.5/Modules/CheckFunctionExists.c
Linking C executable cmTC_ca151
/usr/bin/cmake -E cmake_link_script CMakeFiles/cmTC_ca151.dir/link.txt --verbose=1
/usr/bin/cc   -DCHECK_FUNCTION_EXISTS=pthread_create    CMakeFiles/cmTC_ca151.dir/CheckFunctionExists.c.o  -o cmTC_ca151 -rdynamic -lpthreads 
/usr/bin/ld: cannot find -lpthreads
collect2: error: ld returned 1 exit status
CMakeFiles/cmTC_ca151.dir/build.make:97: recipe for target 'cmTC_ca151' failed
make[1]: *** [cmTC_ca151] Error 1
make[1]: Leaving directory '/home/sleek_eagle/research/ros/ball_bot/build/CMakeFiles/CMakeTmp'
Makefile:126: recipe for target 'cmTC_ca151/fast' failed
make: *** [cmTC_ca151/fast] Error 2


